[2019-10-16 20:54] [PACMAN] Running '/opt/devkitpro/msys2/usr/bin/pacman -Syu --noconfirm'
[2019-10-16 20:54] [PACMAN] synchronizing package lists
[2019-10-16 20:54] [PACMAN] starting core system upgrade
[2019-10-16 20:54] [ALPM] transaction started
[2019-10-16 20:54] [ALPM] upgraded msys2-runtime (2.11.2-1 -> 3.0.7-6)
[2019-10-16 20:54] [ALPM] upgraded mintty (1~2.9.5-1 -> 1~3.0.6-1)
[2019-10-16 20:54] [ALPM] upgraded pacman (5.1.2-2 -> 5.1.3-5)
[2019-10-16 20:54] [ALPM] transaction completed
[2019-10-16 20:54] [PACMAN] Running '/opt/devkitpro/msys2/usr/bin/pacman -S --noconfirm --needed gba-dev'
[2019-10-16 20:55] [ALPM] transaction started
[2019-10-16 20:55] [ALPM] installed devkitarm-crtls (1.0.2-1)
[2019-10-16 20:55] [ALPM] installed devkitarm-rules (1.0.0-1)
[2019-10-16 20:55] [ALPM] installed gba-examples (20190122-1)
[2019-10-16 20:55] [ALPM] installed libfat-gba (1.1.3-2)
[2019-10-16 20:56] [ALPM] installed devkitARM (r53-1)
[2019-10-16 20:56] [ALPM] installed libgba (0.5.2-2)
[2019-10-16 20:56] [ALPM] installed libtonc (1.4.3-3)
[2019-10-16 20:56] [ALPM] installed maxmod-gba (1.0.12-1)
[2019-10-16 20:56] [ALPM] installed tool-dlls (1.0-1)
[2019-10-16 20:56] [ALPM] installed gba-tools (1.2.0-1)
[2019-10-16 20:56] [ALPM] installed general-tools (1.0.3-1)
[2019-10-16 20:56] [ALPM] installed freeimage-dll (3.17.0-1)
[2019-10-16 20:56] [ALPM] installed grit (0.8.15-1)
[2019-10-16 20:56] [ALPM] installed mmutil (1.8.7-1)
[2019-10-16 20:56] [ALPM] transaction completed
[2019-10-16 20:56] [PACMAN] Running '/opt/devkitpro/msys2/usr/bin/pacman -S --noconfirm --needed gp32-dev'
[2019-10-16 20:56] [ALPM] transaction started
[2019-10-16 20:56] [ALPM] installed gp32-examples (20051021-2)
[2019-10-16 20:56] [ALPM] installed libmirko (0.9.8-1)
[2019-10-16 20:56] [ALPM] installed gp32-tools (1.0.3-1)
[2019-10-16 20:56] [ALPM] transaction completed
